<?xml version="1.0" encoding="UTF-8"?>
<!-- Generated by org.testng.reporters.JUnitReportReporter -->
<testsuite skipped="0" hostname="LAPTOP-DE0MJG79" name="qaacademy.Mavenjava.AppiumTest" tests="2" failures="0" timestamp="2021-05-18T18:09:07 IST" time="0.001" errors="0">
  <testcase name="IOSApps" time="0.000" classname="qaacademy.Mavenjava.AppiumTest"/>
  <system-out/>
  <testcase name="NativeAppAndroid" time="0.001" classname="qaacademy.Mavenjava.AppiumTest"/>
  <system-out/>
</testsuite> <!-- qaacademy.Mavenjava.AppiumTest -->
