<?xml version="1.0" encoding="UTF-8"?>
<!-- Generated by org.testng.reporters.JUnitReportReporter -->
<testsuite skipped="0" hostname="LAPTOP-DE0MJG79" name="qaacademy.Mavenjava.RESTAPITest" tests="2" failures="0" timestamp="2021-05-18T18:09:44 IST" time="0.003" errors="0">
  <testcase name="PostJira" time="0.000" classname="qaacademy.Mavenjava.RESTAPITest"/>
  <system-out/>
  <testcase name="DeleteTwitter" time="0.003" classname="qaacademy.Mavenjava.RESTAPITest"/>
  <system-out/>
</testsuite> <!-- qaacademy.Mavenjava.RESTAPITest -->
