<?xml version="1.0" encoding="UTF-8"?>
<!-- Generated by org.testng.reporters.JUnitReportReporter -->
<testsuite skipped="0" hostname="LAPTOP-DE0MJG79" name="qaacademy.Mavenjava.SeleniumTest" tests="2" failures="0" timestamp="2021-05-18T18:09:44 IST" time="0.001" errors="0">
  <testcase name="BrowserAutomation" time="0.001" classname="qaacademy.Mavenjava.SeleniumTest"/>
  <system-out/>
  <testcase name="ElementsUI" time="0.000" classname="qaacademy.Mavenjava.SeleniumTest"/>
  <system-out/>
</testsuite> <!-- qaacademy.Mavenjava.SeleniumTest -->
